{"__type":"$$EventMessageWorkflow","id":"34482a93-b7d5-420e-9237-2abfdab83376","ts":"2025-09-23T19:08:07.441-04:00","eventName":"n8n.workflow.started","message":"n8n.workflow.started","payload":{"executionId":"236","workflowId":"m9A4RYkqwripPJMC","isManual":false,"workflowName":"hzz_generate_min"}}
{"__type":"$$EventMessageConfirm","confirm":"34482a93-b7d5-420e-9237-2abfdab83376","ts":"2025-09-23T19:08:07.441-04:00","source":{"id":"0","name":"eventBus"}}
{"__type":"$$EventMessageNode","id":"1d4dc6b6-8fbe-4c01-bd83-622fcbc7033e","ts":"2025-09-23T19:08:07.442-04:00","eventName":"n8n.node.started","message":"n8n.node.started","payload":{"workflowId":"m9A4RYkqwripPJMC","workflowName":"hzz_generate_min","executionId":"236","nodeType":"n8n-nodes-base.webhook","nodeName":"Webhook","nodeId":"1ed15175-6558-464e-9124-1d86ec6be95b"}}
{"__type":"$$EventMessageConfirm","confirm":"1d4dc6b6-8fbe-4c01-bd83-622fcbc7033e","ts":"2025-09-23T19:08:07.442-04:00","source":{"id":"0","name":"eventBus"}}
{"__type":"$$EventMessageNode","id":"88c11aa7-bdf3-4938-8bc9-4a0623dc4a55","ts":"2025-09-23T19:08:07.442-04:00","eventName":"n8n.node.finished","message":"n8n.node.finished","payload":{"workflowId":"m9A4RYkqwripPJMC","workflowName":"hzz_generate_min","executionId":"236","nodeType":"n8n-nodes-base.webhook","nodeName":"Webhook","nodeId":"1ed15175-6558-464e-9124-1d86ec6be95b"}}
{"__type":"$$EventMessageConfirm","confirm":"88c11aa7-bdf3-4938-8bc9-4a0623dc4a55","ts":"2025-09-23T19:08:07.442-04:00","source":{"id":"0","name":"eventBus"}}
{"__type":"$$EventMessageNode","id":"e3ffa904-cb78-42fe-8c6f-f8669f7d0c3e","ts":"2025-09-23T19:08:07.442-04:00","eventName":"n8n.node.started","message":"n8n.node.started","payload":{"workflowId":"m9A4RYkqwripPJMC","workflowName":"hzz_generate_min","executionId":"236","nodeType":"n8n-nodes-base.respondToWebhook","nodeName":"Respond to Webhook","nodeId":"f2c94d18-b1d3-4f36-9a66-7e59cb7a9c54"}}
{"__type":"$$EventMessageConfirm","confirm":"e3ffa904-cb78-42fe-8c6f-f8669f7d0c3e","ts":"2025-09-23T19:08:07.442-04:00","source":{"id":"0","name":"eventBus"}}
{"__type":"$$EventMessageNode","id":"e75ebbfd-703b-46a3-b54f-53deda32b143","ts":"2025-09-23T19:08:07.447-04:00","eventName":"n8n.node.finished","message":"n8n.node.finished","payload":{"workflowId":"m9A4RYkqwripPJMC","workflowName":"hzz_generate_min","executionId":"236","nodeType":"n8n-nodes-base.respondToWebhook","nodeName":"Respond to Webhook","nodeId":"f2c94d18-b1d3-4f36-9a66-7e59cb7a9c54"}}
{"__type":"$$EventMessageConfirm","confirm":"e75ebbfd-703b-46a3-b54f-53deda32b143","ts":"2025-09-23T19:08:07.447-04:00","source":{"id":"0","name":"eventBus"}}
{"__type":"$$EventMessageNode","id":"85170e4b-9018-4878-a902-4d8e6b1e6fa1","ts":"2025-09-23T19:08:07.449-04:00","eventName":"n8n.node.started","message":"n8n.node.started","payload":{"workflowId":"m9A4RYkqwripPJMC","workflowName":"hzz_generate_min","executionId":"236","nodeType":"n8n-nodes-base.merge","nodeName":"Merge","nodeId":"8a6f6091-7f42-4d24-b0d2-4f1645308ec4"}}
{"__type":"$$EventMessageConfirm","confirm":"85170e4b-9018-4878-a902-4d8e6b1e6fa1","ts":"2025-09-23T19:08:07.449-04:00","source":{"id":"0","name":"eventBus"}}
{"__type":"$$EventMessageNode","id":"05c8a231-fc10-4662-8afe-01a0220c83c0","ts":"2025-09-23T19:08:07.454-04:00","eventName":"n8n.node.finished","message":"n8n.node.finished","payload":{"workflowId":"m9A4RYkqwripPJMC","workflowName":"hzz_generate_min","executionId":"236","nodeType":"n8n-nodes-base.merge","nodeName":"Merge","nodeId":"8a6f6091-7f42-4d24-b0d2-4f1645308ec4"}}
{"__type":"$$EventMessageConfirm","confirm":"05c8a231-fc10-4662-8afe-01a0220c83c0","ts":"2025-09-23T19:08:07.454-04:00","source":{"id":"0","name":"eventBus"}}
{"__type":"$$EventMessageWorkflow","id":"ca311ff8-df6f-41c8-a361-56bb010bed92","ts":"2025-09-23T19:08:07.454-04:00","eventName":"n8n.workflow.success","message":"n8n.workflow.success","payload":{"executionId":"236","success":true,"isManual":false,"workflowId":"m9A4RYkqwripPJMC","workflowName":"hzz_generate_min"}}
{"__type":"$$EventMessageConfirm","confirm":"ca311ff8-df6f-41c8-a361-56bb010bed92","ts":"2025-09-23T19:08:07.454-04:00","source":{"id":"0","name":"eventBus"}}
{"__type":"$$EventMessageWorkflow","id":"f9829bb5-d72a-4813-9854-95b00625cf9a","ts":"2025-09-23T19:12:47.674-04:00","eventName":"n8n.workflow.started","message":"n8n.workflow.started","payload":{"executionId":"237","workflowId":"m9A4RYkqwripPJMC","isManual":false,"workflowName":"hzz_generate_min"}}
{"__type":"$$EventMessageConfirm","confirm":"f9829bb5-d72a-4813-9854-95b00625cf9a","ts":"2025-09-23T19:12:47.674-04:00","source":{"id":"0","name":"eventBus"}}
{"__type":"$$EventMessageNode","id":"8c1db40e-a862-4aab-9811-d2132fe215f8","ts":"2025-09-23T19:12:47.674-04:00","eventName":"n8n.node.started","message":"n8n.node.started","payload":{"workflowId":"m9A4RYkqwripPJMC","workflowName":"hzz_generate_min","executionId":"237","nodeType":"n8n-nodes-base.webhook","nodeName":"Webhook","nodeId":"1ed15175-6558-464e-9124-1d86ec6be95b"}}
{"__type":"$$EventMessageConfirm","confirm":"8c1db40e-a862-4aab-9811-d2132fe215f8","ts":"2025-09-23T19:12:47.674-04:00","source":{"id":"0","name":"eventBus"}}
{"__type":"$$EventMessageNode","id":"b3bc7e6f-2aea-4477-b65e-777737a92b53","ts":"2025-09-23T19:12:47.675-04:00","eventName":"n8n.node.finished","message":"n8n.node.finished","payload":{"workflowId":"m9A4RYkqwripPJMC","workflowName":"hzz_generate_min","executionId":"237","nodeType":"n8n-nodes-base.webhook","nodeName":"Webhook","nodeId":"1ed15175-6558-464e-9124-1d86ec6be95b"}}
{"__type":"$$EventMessageConfirm","confirm":"b3bc7e6f-2aea-4477-b65e-777737a92b53","ts":"2025-09-23T19:12:47.675-04:00","source":{"id":"0","name":"eventBus"}}
{"__type":"$$EventMessageNode","id":"7b7fc48f-3505-470c-81f7-ea93b15becc4","ts":"2025-09-23T19:12:47.675-04:00","eventName":"n8n.node.started","message":"n8n.node.started","payload":{"workflowId":"m9A4RYkqwripPJMC","workflowName":"hzz_generate_min","executionId":"237","nodeType":"n8n-nodes-base.respondToWebhook","nodeName":"Respond to Webhook","nodeId":"f2c94d18-b1d3-4f36-9a66-7e59cb7a9c54"}}
{"__type":"$$EventMessageConfirm","confirm":"7b7fc48f-3505-470c-81f7-ea93b15becc4","ts":"2025-09-23T19:12:47.675-04:00","source":{"id":"0","name":"eventBus"}}
{"__type":"$$EventMessageNode","id":"a078dd09-32c1-4d7c-9642-ba0a2a7da7f9","ts":"2025-09-23T19:12:47.676-04:00","eventName":"n8n.node.finished","message":"n8n.node.finished","payload":{"workflowId":"m9A4RYkqwripPJMC","workflowName":"hzz_generate_min","executionId":"237","nodeType":"n8n-nodes-base.respondToWebhook","nodeName":"Respond to Webhook","nodeId":"f2c94d18-b1d3-4f36-9a66-7e59cb7a9c54"}}
{"__type":"$$EventMessageConfirm","confirm":"a078dd09-32c1-4d7c-9642-ba0a2a7da7f9","ts":"2025-09-23T19:12:47.676-04:00","source":{"id":"0","name":"eventBus"}}
{"__type":"$$EventMessageNode","id":"506aecd7-4233-41ae-b025-a5f3c3eac586","ts":"2025-09-23T19:12:47.676-04:00","eventName":"n8n.node.started","message":"n8n.node.started","payload":{"workflowId":"m9A4RYkqwripPJMC","workflowName":"hzz_generate_min","executionId":"237","nodeType":"n8n-nodes-base.merge","nodeName":"Merge","nodeId":"8a6f6091-7f42-4d24-b0d2-4f1645308ec4"}}
{"__type":"$$EventMessageConfirm","confirm":"506aecd7-4233-41ae-b025-a5f3c3eac586","ts":"2025-09-23T19:12:47.676-04:00","source":{"id":"0","name":"eventBus"}}
{"__type":"$$EventMessageNode","id":"48b2b394-7262-41d4-977e-e8167f3eef44","ts":"2025-09-23T19:12:47.677-04:00","eventName":"n8n.node.finished","message":"n8n.node.finished","payload":{"workflowId":"m9A4RYkqwripPJMC","workflowName":"hzz_generate_min","executionId":"237","nodeType":"n8n-nodes-base.merge","nodeName":"Merge","nodeId":"8a6f6091-7f42-4d24-b0d2-4f1645308ec4"}}
{"__type":"$$EventMessageConfirm","confirm":"48b2b394-7262-41d4-977e-e8167f3eef44","ts":"2025-09-23T19:12:47.677-04:00","source":{"id":"0","name":"eventBus"}}
{"__type":"$$EventMessageWorkflow","id":"5d1c424b-c865-4c0e-b330-a1660b288120","ts":"2025-09-23T19:12:47.677-04:00","eventName":"n8n.workflow.success","message":"n8n.workflow.success","payload":{"executionId":"237","success":true,"isManual":false,"workflowId":"m9A4RYkqwripPJMC","workflowName":"hzz_generate_min"}}
{"__type":"$$EventMessageConfirm","confirm":"5d1c424b-c865-4c0e-b330-a1660b288120","ts":"2025-09-23T19:12:47.677-04:00","source":{"id":"0","name":"eventBus"}}
{"__type":"$$EventMessageWorkflow","id":"61b487a5-1a8d-45c5-a2a1-ec2a302b0919","ts":"2025-09-23T19:16:36.553-04:00","eventName":"n8n.workflow.started","message":"n8n.workflow.started","payload":{"executionId":"238","workflowId":"m9A4RYkqwripPJMC","isManual":false,"workflowName":"hzz_generate_min"}}
{"__type":"$$EventMessageConfirm","confirm":"61b487a5-1a8d-45c5-a2a1-ec2a302b0919","ts":"2025-09-23T19:16:36.553-04:00","source":{"id":"0","name":"eventBus"}}
{"__type":"$$EventMessageNode","id":"3e7dcca2-8a93-4489-8313-b28e37cc464e","ts":"2025-09-23T19:16:36.553-04:00","eventName":"n8n.node.started","message":"n8n.node.started","payload":{"workflowId":"m9A4RYkqwripPJMC","workflowName":"hzz_generate_min","executionId":"238","nodeType":"n8n-nodes-base.webhook","nodeName":"Webhook","nodeId":"1ed15175-6558-464e-9124-1d86ec6be95b"}}
{"__type":"$$EventMessageConfirm","confirm":"3e7dcca2-8a93-4489-8313-b28e37cc464e","ts":"2025-09-23T19:16:36.553-04:00","source":{"id":"0","name":"eventBus"}}
{"__type":"$$EventMessageNode","id":"83c80b5b-2f80-4537-b413-f84873639e80","ts":"2025-09-23T19:16:36.553-04:00","eventName":"n8n.node.finished","message":"n8n.node.finished","payload":{"workflowId":"m9A4RYkqwripPJMC","workflowName":"hzz_generate_min","executionId":"238","nodeType":"n8n-nodes-base.webhook","nodeName":"Webhook","nodeId":"1ed15175-6558-464e-9124-1d86ec6be95b"}}
{"__type":"$$EventMessageConfirm","confirm":"83c80b5b-2f80-4537-b413-f84873639e80","ts":"2025-09-23T19:16:36.553-04:00","source":{"id":"0","name":"eventBus"}}
{"__type":"$$EventMessageNode","id":"c4d7d1fb-f6d8-46b6-b499-ee1c2ab45eaf","ts":"2025-09-23T19:16:36.553-04:00","eventName":"n8n.node.started","message":"n8n.node.started","payload":{"workflowId":"m9A4RYkqwripPJMC","workflowName":"hzz_generate_min","executionId":"238","nodeType":"n8n-nodes-base.respondToWebhook","nodeName":"Respond to Webhook","nodeId":"f2c94d18-b1d3-4f36-9a66-7e59cb7a9c54"}}
{"__type":"$$EventMessageConfirm","confirm":"c4d7d1fb-f6d8-46b6-b499-ee1c2ab45eaf","ts":"2025-09-23T19:16:36.553-04:00","source":{"id":"0","name":"eventBus"}}
{"__type":"$$EventMessageNode","id":"d1417b1e-97bd-4e09-8e9d-671e080953be","ts":"2025-09-23T19:16:36.554-04:00","eventName":"n8n.node.finished","message":"n8n.node.finished","payload":{"workflowId":"m9A4RYkqwripPJMC","workflowName":"hzz_generate_min","executionId":"238","nodeType":"n8n-nodes-base.respondToWebhook","nodeName":"Respond to Webhook","nodeId":"f2c94d18-b1d3-4f36-9a66-7e59cb7a9c54"}}
{"__type":"$$EventMessageConfirm","confirm":"d1417b1e-97bd-4e09-8e9d-671e080953be","ts":"2025-09-23T19:16:36.554-04:00","source":{"id":"0","name":"eventBus"}}
{"__type":"$$EventMessageNode","id":"8f9acc52-b40f-411c-8cda-01b3b3a46d07","ts":"2025-09-23T19:16:36.554-04:00","eventName":"n8n.node.started","message":"n8n.node.started","payload":{"workflowId":"m9A4RYkqwripPJMC","workflowName":"hzz_generate_min","executionId":"238","nodeType":"n8n-nodes-base.merge","nodeName":"Merge","nodeId":"8a6f6091-7f42-4d24-b0d2-4f1645308ec4"}}
{"__type":"$$EventMessageConfirm","confirm":"8f9acc52-b40f-411c-8cda-01b3b3a46d07","ts":"2025-09-23T19:16:36.554-04:00","source":{"id":"0","name":"eventBus"}}
{"__type":"$$EventMessageNode","id":"e0a6b07a-7321-4cc1-8b7b-e29a06dca57a","ts":"2025-09-23T19:16:36.555-04:00","eventName":"n8n.node.finished","message":"n8n.node.finished","payload":{"workflowId":"m9A4RYkqwripPJMC","workflowName":"hzz_generate_min","executionId":"238","nodeType":"n8n-nodes-base.merge","nodeName":"Merge","nodeId":"8a6f6091-7f42-4d24-b0d2-4f1645308ec4"}}
{"__type":"$$EventMessageConfirm","confirm":"e0a6b07a-7321-4cc1-8b7b-e29a06dca57a","ts":"2025-09-23T19:16:36.555-04:00","source":{"id":"0","name":"eventBus"}}
{"__type":"$$EventMessageWorkflow","id":"fa6b3a4f-b91d-41ca-b167-2567935222f2","ts":"2025-09-23T19:16:36.555-04:00","eventName":"n8n.workflow.success","message":"n8n.workflow.success","payload":{"executionId":"238","success":true,"isManual":false,"workflowId":"m9A4RYkqwripPJMC","workflowName":"hzz_generate_min"}}
{"__type":"$$EventMessageConfirm","confirm":"fa6b3a4f-b91d-41ca-b167-2567935222f2","ts":"2025-09-23T19:16:36.555-04:00","source":{"id":"0","name":"eventBus"}}
