{"__type":"$$EventMessageAudit","id":"f5643799-a448-45f4-a518-cf8178fb9103","ts":"2025-09-19T08:20:27.686-04:00","eventName":"n8n.audit.workflow.updated","message":"n8n.audit.workflow.updated","payload":{"userId":"310b2237-c533-4c86-8e52-63d814fbd4d3","_email":"penzar.bruno@gmail.com","_firstName":"Bruno","_lastName":"Penzar","globalRole":"global:owner","workflowId":"m9A4RYkqwripPJMC","workflowName":"My workflow"}}
{"__type":"$$EventMessageConfirm","confirm":"f5643799-a448-45f4-a518-cf8178fb9103","ts":"2025-09-19T08:20:27.686-04:00","source":{"id":"0","name":"eventBus"}}
{"__type":"$$EventMessageWorkflow","id":"4d8877b8-61f8-4e4c-b6ce-0f0cca1f0088","ts":"2025-09-19T08:20:54.787-04:00","eventName":"n8n.workflow.started","message":"n8n.workflow.started","payload":{"executionId":"47","workflowId":"m9A4RYkqwripPJMC","isManual":false,"workflowName":"My workflow"}}
{"__type":"$$EventMessageConfirm","confirm":"4d8877b8-61f8-4e4c-b6ce-0f0cca1f0088","ts":"2025-09-19T08:20:54.787-04:00","source":{"id":"0","name":"eventBus"}}
{"__type":"$$EventMessageNode","id":"d9071d87-f164-4cf4-ba5a-1f8fb7094c04","ts":"2025-09-19T08:20:54.788-04:00","eventName":"n8n.node.started","message":"n8n.node.started","payload":{"workflowId":"m9A4RYkqwripPJMC","workflowName":"My workflow","executionId":"47","nodeType":"n8n-nodes-base.webhook","nodeName":"Webhook","nodeId":"1ed15175-6558-464e-9124-1d86ec6be95b"}}
{"__type":"$$EventMessageConfirm","confirm":"d9071d87-f164-4cf4-ba5a-1f8fb7094c04","ts":"2025-09-19T08:20:54.788-04:00","source":{"id":"0","name":"eventBus"}}
{"__type":"$$EventMessageNode","id":"4c8719d2-2c9d-45a0-9bad-1583b5e46714","ts":"2025-09-19T08:20:54.788-04:00","eventName":"n8n.node.finished","message":"n8n.node.finished","payload":{"workflowId":"m9A4RYkqwripPJMC","workflowName":"My workflow","executionId":"47","nodeType":"n8n-nodes-base.webhook","nodeName":"Webhook","nodeId":"1ed15175-6558-464e-9124-1d86ec6be95b"}}
{"__type":"$$EventMessageConfirm","confirm":"4c8719d2-2c9d-45a0-9bad-1583b5e46714","ts":"2025-09-19T08:20:54.788-04:00","source":{"id":"0","name":"eventBus"}}
{"__type":"$$EventMessageNode","id":"bb75e8eb-39d7-4786-97b5-9add4a99de26","ts":"2025-09-19T08:20:54.789-04:00","eventName":"n8n.node.started","message":"n8n.node.started","payload":{"workflowId":"m9A4RYkqwripPJMC","workflowName":"My workflow","executionId":"47","nodeType":"n8n-nodes-base.code","nodeName":"Code in JavaScript","nodeId":"d82a26e4-1f97-4459-9066-3b3712b2da88"}}
{"__type":"$$EventMessageConfirm","confirm":"bb75e8eb-39d7-4786-97b5-9add4a99de26","ts":"2025-09-19T08:20:54.789-04:00","source":{"id":"0","name":"eventBus"}}
{"__type":"$$EventMessageRunner","id":"192f3a5b-691d-4208-b901-88eedf3de937","ts":"2025-09-19T08:20:54.791-04:00","eventName":"n8n.runner.task.requested","message":"n8n.runner.task.requested","payload":{"taskId":"ITV10bJI","nodeId":"d82a26e4-1f97-4459-9066-3b3712b2da88","workflowId":"m9A4RYkqwripPJMC","executionId":"47"}}
{"__type":"$$EventMessageConfirm","confirm":"192f3a5b-691d-4208-b901-88eedf3de937","ts":"2025-09-19T08:20:54.791-04:00","source":{"id":"0","name":"eventBus"}}
{"__type":"$$EventMessageRunner","id":"55c8083c-9dcf-483e-9ffc-df78cfb26bac","ts":"2025-09-19T08:20:54.820-04:00","eventName":"n8n.runner.response.received","message":"n8n.runner.response.received","payload":{"taskId":"ITV10bJI","nodeId":"d82a26e4-1f97-4459-9066-3b3712b2da88","workflowId":"m9A4RYkqwripPJMC","executionId":"47"}}
{"__type":"$$EventMessageConfirm","confirm":"55c8083c-9dcf-483e-9ffc-df78cfb26bac","ts":"2025-09-19T08:20:54.820-04:00","source":{"id":"0","name":"eventBus"}}
{"__type":"$$EventMessageNode","id":"476ac2d2-b1ae-4cc1-86fd-582bbb550459","ts":"2025-09-19T08:20:54.821-04:00","eventName":"n8n.node.finished","message":"n8n.node.finished","payload":{"workflowId":"m9A4RYkqwripPJMC","workflowName":"My workflow","executionId":"47","nodeType":"n8n-nodes-base.code","nodeName":"Code in JavaScript","nodeId":"d82a26e4-1f97-4459-9066-3b3712b2da88"}}
{"__type":"$$EventMessageConfirm","confirm":"476ac2d2-b1ae-4cc1-86fd-582bbb550459","ts":"2025-09-19T08:20:54.821-04:00","source":{"id":"0","name":"eventBus"}}
{"__type":"$$EventMessageWorkflow","id":"5948dd9c-beed-462f-8085-3ff339471688","ts":"2025-09-19T08:20:54.821-04:00","eventName":"n8n.workflow.success","message":"n8n.workflow.success","payload":{"executionId":"47","success":true,"isManual":false,"workflowId":"m9A4RYkqwripPJMC","workflowName":"My workflow"}}
{"__type":"$$EventMessageConfirm","confirm":"5948dd9c-beed-462f-8085-3ff339471688","ts":"2025-09-19T08:20:54.821-04:00","source":{"id":"0","name":"eventBus"}}
{"__type":"$$EventMessageAudit","id":"95e3e5db-ca51-449a-97a8-657e02947bb9","ts":"2025-09-19T08:22:25.809-04:00","eventName":"n8n.audit.workflow.updated","message":"n8n.audit.workflow.updated","payload":{"userId":"310b2237-c533-4c86-8e52-63d814fbd4d3","_email":"penzar.bruno@gmail.com","_firstName":"Bruno","_lastName":"Penzar","globalRole":"global:owner","workflowId":"m9A4RYkqwripPJMC","workflowName":"My workflow"}}
{"__type":"$$EventMessageConfirm","confirm":"95e3e5db-ca51-449a-97a8-657e02947bb9","ts":"2025-09-19T08:22:25.809-04:00","source":{"id":"0","name":"eventBus"}}
{"__type":"$$EventMessageWorkflow","id":"f6c3d7cd-8a75-4eac-ad6a-6d7c9374a7a5","ts":"2025-09-19T08:22:27.486-04:00","eventName":"n8n.workflow.started","message":"n8n.workflow.started","payload":{"executionId":"48","workflowId":"m9A4RYkqwripPJMC","isManual":false,"workflowName":"My workflow"}}
{"__type":"$$EventMessageConfirm","confirm":"f6c3d7cd-8a75-4eac-ad6a-6d7c9374a7a5","ts":"2025-09-19T08:22:27.486-04:00","source":{"id":"0","name":"eventBus"}}
{"__type":"$$EventMessageNode","id":"6784803a-a5cb-4838-bdef-be0deb3fb503","ts":"2025-09-19T08:22:27.486-04:00","eventName":"n8n.node.started","message":"n8n.node.started","payload":{"workflowId":"m9A4RYkqwripPJMC","workflowName":"My workflow","executionId":"48","nodeType":"n8n-nodes-base.webhook","nodeName":"Webhook","nodeId":"1ed15175-6558-464e-9124-1d86ec6be95b"}}
{"__type":"$$EventMessageConfirm","confirm":"6784803a-a5cb-4838-bdef-be0deb3fb503","ts":"2025-09-19T08:22:27.486-04:00","source":{"id":"0","name":"eventBus"}}
{"__type":"$$EventMessageNode","id":"de7e8674-8248-482b-8119-1737411d9448","ts":"2025-09-19T08:22:27.486-04:00","eventName":"n8n.node.finished","message":"n8n.node.finished","payload":{"workflowId":"m9A4RYkqwripPJMC","workflowName":"My workflow","executionId":"48","nodeType":"n8n-nodes-base.webhook","nodeName":"Webhook","nodeId":"1ed15175-6558-464e-9124-1d86ec6be95b"}}
{"__type":"$$EventMessageConfirm","confirm":"de7e8674-8248-482b-8119-1737411d9448","ts":"2025-09-19T08:22:27.486-04:00","source":{"id":"0","name":"eventBus"}}
{"__type":"$$EventMessageNode","id":"e926fbb5-e70b-4134-abe3-3fb5c79df0fb","ts":"2025-09-19T08:22:27.486-04:00","eventName":"n8n.node.started","message":"n8n.node.started","payload":{"workflowId":"m9A4RYkqwripPJMC","workflowName":"My workflow","executionId":"48","nodeType":"n8n-nodes-base.respondToWebhook","nodeName":"Respond to Webhook","nodeId":"f2c94d18-b1d3-4f36-9a66-7e59cb7a9c54"}}
{"__type":"$$EventMessageConfirm","confirm":"e926fbb5-e70b-4134-abe3-3fb5c79df0fb","ts":"2025-09-19T08:22:27.486-04:00","source":{"id":"0","name":"eventBus"}}
{"__type":"$$EventMessageNode","id":"388dd9ac-a01b-4002-b70a-1eb406e534cc","ts":"2025-09-19T08:22:27.490-04:00","eventName":"n8n.node.finished","message":"n8n.node.finished","payload":{"workflowId":"m9A4RYkqwripPJMC","workflowName":"My workflow","executionId":"48","nodeType":"n8n-nodes-base.respondToWebhook","nodeName":"Respond to Webhook","nodeId":"f2c94d18-b1d3-4f36-9a66-7e59cb7a9c54"}}
{"__type":"$$EventMessageConfirm","confirm":"388dd9ac-a01b-4002-b70a-1eb406e534cc","ts":"2025-09-19T08:22:27.490-04:00","source":{"id":"0","name":"eventBus"}}
{"__type":"$$EventMessageWorkflow","id":"fa360102-4a62-44f6-b64e-8b94748655bf","ts":"2025-09-19T08:22:27.490-04:00","eventName":"n8n.workflow.success","message":"n8n.workflow.success","payload":{"executionId":"48","success":true,"isManual":false,"workflowId":"m9A4RYkqwripPJMC","workflowName":"My workflow"}}
{"__type":"$$EventMessageConfirm","confirm":"fa360102-4a62-44f6-b64e-8b94748655bf","ts":"2025-09-19T08:22:27.490-04:00","source":{"id":"0","name":"eventBus"}}
{"__type":"$$EventMessageAudit","id":"d4c11ff0-ed2b-407c-8e5f-de8d0f6ca689","ts":"2025-09-19T08:43:31.315-04:00","eventName":"n8n.audit.workflow.updated","message":"n8n.audit.workflow.updated","payload":{"userId":"310b2237-c533-4c86-8e52-63d814fbd4d3","_email":"penzar.bruno@gmail.com","_firstName":"Bruno","_lastName":"Penzar","globalRole":"global:owner","workflowId":"m9A4RYkqwripPJMC","workflowName":"My workflow"}}
{"__type":"$$EventMessageConfirm","confirm":"d4c11ff0-ed2b-407c-8e5f-de8d0f6ca689","ts":"2025-09-19T08:43:31.315-04:00","source":{"id":"0","name":"eventBus"}}
{"__type":"$$EventMessageWorkflow","id":"30f023f8-d464-4461-ac19-259ff80e2395","ts":"2025-09-19T08:43:41.795-04:00","eventName":"n8n.workflow.started","message":"n8n.workflow.started","payload":{"executionId":"49","workflowId":"m9A4RYkqwripPJMC","isManual":false,"workflowName":"My workflow"}}
{"__type":"$$EventMessageConfirm","confirm":"30f023f8-d464-4461-ac19-259ff80e2395","ts":"2025-09-19T08:43:41.795-04:00","source":{"id":"0","name":"eventBus"}}
{"__type":"$$EventMessageNode","id":"6f49065e-6bee-4572-9676-59f6a8de9b0f","ts":"2025-09-19T08:43:41.795-04:00","eventName":"n8n.node.started","message":"n8n.node.started","payload":{"workflowId":"m9A4RYkqwripPJMC","workflowName":"My workflow","executionId":"49","nodeType":"n8n-nodes-base.webhook","nodeName":"Webhook","nodeId":"1ed15175-6558-464e-9124-1d86ec6be95b"}}
{"__type":"$$EventMessageConfirm","confirm":"6f49065e-6bee-4572-9676-59f6a8de9b0f","ts":"2025-09-19T08:43:41.795-04:00","source":{"id":"0","name":"eventBus"}}
{"__type":"$$EventMessageNode","id":"f6cd73f5-bb27-4252-9ead-9e1e946f0bc4","ts":"2025-09-19T08:43:41.795-04:00","eventName":"n8n.node.finished","message":"n8n.node.finished","payload":{"workflowId":"m9A4RYkqwripPJMC","workflowName":"My workflow","executionId":"49","nodeType":"n8n-nodes-base.webhook","nodeName":"Webhook","nodeId":"1ed15175-6558-464e-9124-1d86ec6be95b"}}
{"__type":"$$EventMessageConfirm","confirm":"f6cd73f5-bb27-4252-9ead-9e1e946f0bc4","ts":"2025-09-19T08:43:41.796-04:00","source":{"id":"0","name":"eventBus"}}
{"__type":"$$EventMessageNode","id":"fff7399e-b737-42bf-81de-91e3d5cc0127","ts":"2025-09-19T08:43:41.796-04:00","eventName":"n8n.node.started","message":"n8n.node.started","payload":{"workflowId":"m9A4RYkqwripPJMC","workflowName":"My workflow","executionId":"49","nodeType":"n8n-nodes-base.respondToWebhook","nodeName":"Respond to Webhook","nodeId":"f2c94d18-b1d3-4f36-9a66-7e59cb7a9c54"}}
{"__type":"$$EventMessageConfirm","confirm":"fff7399e-b737-42bf-81de-91e3d5cc0127","ts":"2025-09-19T08:43:41.796-04:00","source":{"id":"0","name":"eventBus"}}
{"__type":"$$EventMessageNode","id":"074060e6-21a5-48a0-94e3-6762985aef15","ts":"2025-09-19T08:43:41.797-04:00","eventName":"n8n.node.finished","message":"n8n.node.finished","payload":{"workflowId":"m9A4RYkqwripPJMC","workflowName":"My workflow","executionId":"49","nodeType":"n8n-nodes-base.respondToWebhook","nodeName":"Respond to Webhook","nodeId":"f2c94d18-b1d3-4f36-9a66-7e59cb7a9c54"}}
{"__type":"$$EventMessageConfirm","confirm":"074060e6-21a5-48a0-94e3-6762985aef15","ts":"2025-09-19T08:43:41.797-04:00","source":{"id":"0","name":"eventBus"}}
{"__type":"$$EventMessageWorkflow","id":"25209036-4303-4250-bf82-28b9782b4476","ts":"2025-09-19T08:43:41.797-04:00","eventName":"n8n.workflow.success","message":"n8n.workflow.success","payload":{"executionId":"49","success":true,"isManual":false,"workflowId":"m9A4RYkqwripPJMC","workflowName":"My workflow"}}
{"__type":"$$EventMessageConfirm","confirm":"25209036-4303-4250-bf82-28b9782b4476","ts":"2025-09-19T08:43:41.797-04:00","source":{"id":"0","name":"eventBus"}}
{"__type":"$$EventMessageAudit","id":"00897cc0-f9cd-4f5b-901c-d326d1010cbe","ts":"2025-09-19T08:46:51.848-04:00","eventName":"n8n.audit.workflow.updated","message":"n8n.audit.workflow.updated","payload":{"userId":"310b2237-c533-4c86-8e52-63d814fbd4d3","_email":"penzar.bruno@gmail.com","_firstName":"Bruno","_lastName":"Penzar","globalRole":"global:owner","workflowId":"m9A4RYkqwripPJMC","workflowName":"My workflow"}}
{"__type":"$$EventMessageConfirm","confirm":"00897cc0-f9cd-4f5b-901c-d326d1010cbe","ts":"2025-09-19T08:46:51.848-04:00","source":{"id":"0","name":"eventBus"}}
{"__type":"$$EventMessageWorkflow","id":"48a70329-eb63-46dc-b8f1-d5c334d63d3c","ts":"2025-09-19T08:46:54.290-04:00","eventName":"n8n.workflow.started","message":"n8n.workflow.started","payload":{"executionId":"50","workflowId":"m9A4RYkqwripPJMC","isManual":false,"workflowName":"My workflow"}}
{"__type":"$$EventMessageConfirm","confirm":"48a70329-eb63-46dc-b8f1-d5c334d63d3c","ts":"2025-09-19T08:46:54.290-04:00","source":{"id":"0","name":"eventBus"}}
{"__type":"$$EventMessageNode","id":"8c0e25b6-4bc3-4cb0-a76a-27c082583460","ts":"2025-09-19T08:46:54.290-04:00","eventName":"n8n.node.started","message":"n8n.node.started","payload":{"workflowId":"m9A4RYkqwripPJMC","workflowName":"My workflow","executionId":"50","nodeType":"n8n-nodes-base.webhook","nodeName":"Webhook","nodeId":"1ed15175-6558-464e-9124-1d86ec6be95b"}}
{"__type":"$$EventMessageConfirm","confirm":"8c0e25b6-4bc3-4cb0-a76a-27c082583460","ts":"2025-09-19T08:46:54.290-04:00","source":{"id":"0","name":"eventBus"}}
{"__type":"$$EventMessageNode","id":"96ec80c4-0eba-45b3-b683-d4c67fbb4c99","ts":"2025-09-19T08:46:54.290-04:00","eventName":"n8n.node.finished","message":"n8n.node.finished","payload":{"workflowId":"m9A4RYkqwripPJMC","workflowName":"My workflow","executionId":"50","nodeType":"n8n-nodes-base.webhook","nodeName":"Webhook","nodeId":"1ed15175-6558-464e-9124-1d86ec6be95b"}}
{"__type":"$$EventMessageConfirm","confirm":"96ec80c4-0eba-45b3-b683-d4c67fbb4c99","ts":"2025-09-19T08:46:54.291-04:00","source":{"id":"0","name":"eventBus"}}
{"__type":"$$EventMessageNode","id":"c8bbce86-7a1d-4c69-9d77-474f8637613e","ts":"2025-09-19T08:46:54.291-04:00","eventName":"n8n.node.started","message":"n8n.node.started","payload":{"workflowId":"m9A4RYkqwripPJMC","workflowName":"My workflow","executionId":"50","nodeType":"n8n-nodes-base.respondToWebhook","nodeName":"Respond to Webhook","nodeId":"f2c94d18-b1d3-4f36-9a66-7e59cb7a9c54"}}
{"__type":"$$EventMessageConfirm","confirm":"c8bbce86-7a1d-4c69-9d77-474f8637613e","ts":"2025-09-19T08:46:54.291-04:00","source":{"id":"0","name":"eventBus"}}
{"__type":"$$EventMessageNode","id":"428c40b1-f0c2-4e81-ba35-899b09f0a610","ts":"2025-09-19T08:46:54.295-04:00","eventName":"n8n.node.finished","message":"n8n.node.finished","payload":{"workflowId":"m9A4RYkqwripPJMC","workflowName":"My workflow","executionId":"50","nodeType":"n8n-nodes-base.respondToWebhook","nodeName":"Respond to Webhook","nodeId":"f2c94d18-b1d3-4f36-9a66-7e59cb7a9c54"}}
{"__type":"$$EventMessageConfirm","confirm":"428c40b1-f0c2-4e81-ba35-899b09f0a610","ts":"2025-09-19T08:46:54.295-04:00","source":{"id":"0","name":"eventBus"}}
{"__type":"$$EventMessageWorkflow","id":"7d979277-6ac8-44da-80e0-e96c91110f89","ts":"2025-09-19T08:46:54.295-04:00","eventName":"n8n.workflow.success","message":"n8n.workflow.success","payload":{"executionId":"50","success":true,"isManual":false,"workflowId":"m9A4RYkqwripPJMC","workflowName":"My workflow"}}
{"__type":"$$EventMessageConfirm","confirm":"7d979277-6ac8-44da-80e0-e96c91110f89","ts":"2025-09-19T08:46:54.295-04:00","source":{"id":"0","name":"eventBus"}}
{"__type":"$$EventMessageAudit","id":"dc221a1f-1f11-4c1e-bcf4-7c1b40c2b0eb","ts":"2025-09-19T08:47:37.177-04:00","eventName":"n8n.audit.workflow.updated","message":"n8n.audit.workflow.updated","payload":{"userId":"310b2237-c533-4c86-8e52-63d814fbd4d3","_email":"penzar.bruno@gmail.com","_firstName":"Bruno","_lastName":"Penzar","globalRole":"global:owner","workflowId":"m9A4RYkqwripPJMC","workflowName":"My workflow"}}
{"__type":"$$EventMessageConfirm","confirm":"dc221a1f-1f11-4c1e-bcf4-7c1b40c2b0eb","ts":"2025-09-19T08:47:37.178-04:00","source":{"id":"0","name":"eventBus"}}
{"__type":"$$EventMessageWorkflow","id":"166051d5-3f08-404f-9bbe-942587fad7b3","ts":"2025-09-19T08:47:39.235-04:00","eventName":"n8n.workflow.started","message":"n8n.workflow.started","payload":{"executionId":"51","workflowId":"m9A4RYkqwripPJMC","isManual":false,"workflowName":"My workflow"}}
{"__type":"$$EventMessageConfirm","confirm":"166051d5-3f08-404f-9bbe-942587fad7b3","ts":"2025-09-19T08:47:39.235-04:00","source":{"id":"0","name":"eventBus"}}
{"__type":"$$EventMessageNode","id":"df0961e5-2afc-4a9f-8bf3-b56744608f44","ts":"2025-09-19T08:47:39.235-04:00","eventName":"n8n.node.started","message":"n8n.node.started","payload":{"workflowId":"m9A4RYkqwripPJMC","workflowName":"My workflow","executionId":"51","nodeType":"n8n-nodes-base.webhook","nodeName":"Webhook","nodeId":"1ed15175-6558-464e-9124-1d86ec6be95b"}}
{"__type":"$$EventMessageConfirm","confirm":"df0961e5-2afc-4a9f-8bf3-b56744608f44","ts":"2025-09-19T08:47:39.235-04:00","source":{"id":"0","name":"eventBus"}}
{"__type":"$$EventMessageNode","id":"11ac234f-a58a-4c99-9815-e4e61eb00caf","ts":"2025-09-19T08:47:39.235-04:00","eventName":"n8n.node.finished","message":"n8n.node.finished","payload":{"workflowId":"m9A4RYkqwripPJMC","workflowName":"My workflow","executionId":"51","nodeType":"n8n-nodes-base.webhook","nodeName":"Webhook","nodeId":"1ed15175-6558-464e-9124-1d86ec6be95b"}}
{"__type":"$$EventMessageConfirm","confirm":"11ac234f-a58a-4c99-9815-e4e61eb00caf","ts":"2025-09-19T08:47:39.235-04:00","source":{"id":"0","name":"eventBus"}}
{"__type":"$$EventMessageNode","id":"214e2457-e311-4c24-a21c-5ac190d14ada","ts":"2025-09-19T08:47:39.235-04:00","eventName":"n8n.node.started","message":"n8n.node.started","payload":{"workflowId":"m9A4RYkqwripPJMC","workflowName":"My workflow","executionId":"51","nodeType":"n8n-nodes-base.respondToWebhook","nodeName":"Respond to Webhook","nodeId":"f2c94d18-b1d3-4f36-9a66-7e59cb7a9c54"}}
{"__type":"$$EventMessageConfirm","confirm":"214e2457-e311-4c24-a21c-5ac190d14ada","ts":"2025-09-19T08:47:39.235-04:00","source":{"id":"0","name":"eventBus"}}
{"__type":"$$EventMessageNode","id":"8e72ccb9-9235-4a69-a8c4-0ed2d4e26d57","ts":"2025-09-19T08:47:39.252-04:00","eventName":"n8n.node.finished","message":"n8n.node.finished","payload":{"workflowId":"m9A4RYkqwripPJMC","workflowName":"My workflow","executionId":"51","nodeType":"n8n-nodes-base.respondToWebhook","nodeName":"Respond to Webhook","nodeId":"f2c94d18-b1d3-4f36-9a66-7e59cb7a9c54"}}
{"__type":"$$EventMessageConfirm","confirm":"8e72ccb9-9235-4a69-a8c4-0ed2d4e26d57","ts":"2025-09-19T08:47:39.252-04:00","source":{"id":"0","name":"eventBus"}}
{"__type":"$$EventMessageWorkflow","id":"8ab0cd8c-5de2-46dd-89c9-d72bbaaf5d5b","ts":"2025-09-19T08:47:39.252-04:00","eventName":"n8n.workflow.failed","message":"n8n.workflow.failed","payload":{"executionId":"51","success":false,"isManual":false,"workflowId":"m9A4RYkqwripPJMC","workflowName":"My workflow","lastNodeExecuted":"Respond to Webhook","errorNodeType":"n8n-nodes-base.respondToWebhook","errorMessage":"Invalid JSON in 'Response Body' field"}}
{"__type":"$$EventMessageConfirm","confirm":"8ab0cd8c-5de2-46dd-89c9-d72bbaaf5d5b","ts":"2025-09-19T08:47:39.252-04:00","source":{"id":"0","name":"eventBus"}}
{"__type":"$$EventMessageAudit","id":"8d464e0d-5991-4529-b04c-f913f59a3021","ts":"2025-09-19T08:47:48.905-04:00","eventName":"n8n.audit.workflow.updated","message":"n8n.audit.workflow.updated","payload":{"userId":"310b2237-c533-4c86-8e52-63d814fbd4d3","_email":"penzar.bruno@gmail.com","_firstName":"Bruno","_lastName":"Penzar","globalRole":"global:owner","workflowId":"m9A4RYkqwripPJMC","workflowName":"My workflow"}}
{"__type":"$$EventMessageConfirm","confirm":"8d464e0d-5991-4529-b04c-f913f59a3021","ts":"2025-09-19T08:47:48.905-04:00","source":{"id":"0","name":"eventBus"}}
{"__type":"$$EventMessageWorkflow","id":"5088244c-a60f-4ef3-b962-3fe4d57996d5","ts":"2025-09-19T08:47:53.032-04:00","eventName":"n8n.workflow.started","message":"n8n.workflow.started","payload":{"executionId":"52","workflowId":"m9A4RYkqwripPJMC","isManual":false,"workflowName":"My workflow"}}
{"__type":"$$EventMessageConfirm","confirm":"5088244c-a60f-4ef3-b962-3fe4d57996d5","ts":"2025-09-19T08:47:53.032-04:00","source":{"id":"0","name":"eventBus"}}
{"__type":"$$EventMessageNode","id":"aa2b3d82-d107-47df-9f08-65692ecee702","ts":"2025-09-19T08:47:53.032-04:00","eventName":"n8n.node.started","message":"n8n.node.started","payload":{"workflowId":"m9A4RYkqwripPJMC","workflowName":"My workflow","executionId":"52","nodeType":"n8n-nodes-base.webhook","nodeName":"Webhook","nodeId":"1ed15175-6558-464e-9124-1d86ec6be95b"}}
{"__type":"$$EventMessageConfirm","confirm":"aa2b3d82-d107-47df-9f08-65692ecee702","ts":"2025-09-19T08:47:53.032-04:00","source":{"id":"0","name":"eventBus"}}
{"__type":"$$EventMessageNode","id":"32f05793-5dd1-48ac-b1fe-311e97c9ed03","ts":"2025-09-19T08:47:53.032-04:00","eventName":"n8n.node.finished","message":"n8n.node.finished","payload":{"workflowId":"m9A4RYkqwripPJMC","workflowName":"My workflow","executionId":"52","nodeType":"n8n-nodes-base.webhook","nodeName":"Webhook","nodeId":"1ed15175-6558-464e-9124-1d86ec6be95b"}}
{"__type":"$$EventMessageConfirm","confirm":"32f05793-5dd1-48ac-b1fe-311e97c9ed03","ts":"2025-09-19T08:47:53.032-04:00","source":{"id":"0","name":"eventBus"}}
{"__type":"$$EventMessageWorkflow","id":"669b4b90-c2b1-418c-a734-17acefc88caf","ts":"2025-09-19T08:47:53.032-04:00","eventName":"n8n.workflow.failed","message":"n8n.workflow.failed","payload":{"executionId":"52","success":false,"isManual":false,"workflowId":"m9A4RYkqwripPJMC","workflowName":"My workflow","lastNodeExecuted":"Webhook","errorNodeType":"n8n-nodes-base.webhook","errorMessage":"Webhook node not correctly configured"}}
{"__type":"$$EventMessageConfirm","confirm":"669b4b90-c2b1-418c-a734-17acefc88caf","ts":"2025-09-19T08:47:53.032-04:00","source":{"id":"0","name":"eventBus"}}
{"__type":"$$EventMessageAudit","id":"7d9cf49a-fdc8-4827-9ff2-c15abf974151","ts":"2025-09-19T08:48:09.865-04:00","eventName":"n8n.audit.workflow.updated","message":"n8n.audit.workflow.updated","payload":{"userId":"310b2237-c533-4c86-8e52-63d814fbd4d3","_email":"penzar.bruno@gmail.com","_firstName":"Bruno","_lastName":"Penzar","globalRole":"global:owner","workflowId":"m9A4RYkqwripPJMC","workflowName":"My workflow"}}
{"__type":"$$EventMessageConfirm","confirm":"7d9cf49a-fdc8-4827-9ff2-c15abf974151","ts":"2025-09-19T08:48:09.865-04:00","source":{"id":"0","name":"eventBus"}}
{"__type":"$$EventMessageWorkflow","id":"ecd2bbae-68cb-4655-9ab7-3a9869805144","ts":"2025-09-19T08:48:12.814-04:00","eventName":"n8n.workflow.started","message":"n8n.workflow.started","payload":{"executionId":"53","workflowId":"m9A4RYkqwripPJMC","isManual":false,"workflowName":"My workflow"}}
{"__type":"$$EventMessageConfirm","confirm":"ecd2bbae-68cb-4655-9ab7-3a9869805144","ts":"2025-09-19T08:48:12.814-04:00","source":{"id":"0","name":"eventBus"}}
{"__type":"$$EventMessageNode","id":"df7cfc7d-c363-42a7-8f7d-4aff30437183","ts":"2025-09-19T08:48:12.814-04:00","eventName":"n8n.node.started","message":"n8n.node.started","payload":{"workflowId":"m9A4RYkqwripPJMC","workflowName":"My workflow","executionId":"53","nodeType":"n8n-nodes-base.webhook","nodeName":"Webhook","nodeId":"1ed15175-6558-464e-9124-1d86ec6be95b"}}
{"__type":"$$EventMessageConfirm","confirm":"df7cfc7d-c363-42a7-8f7d-4aff30437183","ts":"2025-09-19T08:48:12.814-04:00","source":{"id":"0","name":"eventBus"}}
{"__type":"$$EventMessageNode","id":"27397012-6a7b-4cef-9384-419d5e3f771e","ts":"2025-09-19T08:48:12.814-04:00","eventName":"n8n.node.finished","message":"n8n.node.finished","payload":{"workflowId":"m9A4RYkqwripPJMC","workflowName":"My workflow","executionId":"53","nodeType":"n8n-nodes-base.webhook","nodeName":"Webhook","nodeId":"1ed15175-6558-464e-9124-1d86ec6be95b"}}
{"__type":"$$EventMessageConfirm","confirm":"27397012-6a7b-4cef-9384-419d5e3f771e","ts":"2025-09-19T08:48:12.814-04:00","source":{"id":"0","name":"eventBus"}}
{"__type":"$$EventMessageNode","id":"776053ea-a99b-4397-8152-ae97f97a18fc","ts":"2025-09-19T08:48:12.814-04:00","eventName":"n8n.node.started","message":"n8n.node.started","payload":{"workflowId":"m9A4RYkqwripPJMC","workflowName":"My workflow","executionId":"53","nodeType":"n8n-nodes-base.respondToWebhook","nodeName":"Respond to Webhook","nodeId":"f2c94d18-b1d3-4f36-9a66-7e59cb7a9c54"}}
{"__type":"$$EventMessageConfirm","confirm":"776053ea-a99b-4397-8152-ae97f97a18fc","ts":"2025-09-19T08:48:12.814-04:00","source":{"id":"0","name":"eventBus"}}
{"__type":"$$EventMessageNode","id":"48d003e0-953d-43ff-95f9-742adae63bc7","ts":"2025-09-19T08:48:12.815-04:00","eventName":"n8n.node.finished","message":"n8n.node.finished","payload":{"workflowId":"m9A4RYkqwripPJMC","workflowName":"My workflow","executionId":"53","nodeType":"n8n-nodes-base.respondToWebhook","nodeName":"Respond to Webhook","nodeId":"f2c94d18-b1d3-4f36-9a66-7e59cb7a9c54"}}
{"__type":"$$EventMessageConfirm","confirm":"48d003e0-953d-43ff-95f9-742adae63bc7","ts":"2025-09-19T08:48:12.815-04:00","source":{"id":"0","name":"eventBus"}}
{"__type":"$$EventMessageWorkflow","id":"c80eefb4-b413-4037-b196-61aa3c7d0569","ts":"2025-09-19T08:48:12.815-04:00","eventName":"n8n.workflow.failed","message":"n8n.workflow.failed","payload":{"executionId":"53","success":false,"isManual":false,"workflowId":"m9A4RYkqwripPJMC","workflowName":"My workflow","lastNodeExecuted":"Respond to Webhook","errorNodeType":"n8n-nodes-base.respondToWebhook","errorMessage":"Invalid JSON in 'Response Body' field"}}
{"__type":"$$EventMessageConfirm","confirm":"c80eefb4-b413-4037-b196-61aa3c7d0569","ts":"2025-09-19T08:48:12.815-04:00","source":{"id":"0","name":"eventBus"}}
{"__type":"$$EventMessageAudit","id":"7669eaf3-fc57-4734-8dab-85966494d65b","ts":"2025-09-19T08:48:29.654-04:00","eventName":"n8n.audit.workflow.updated","message":"n8n.audit.workflow.updated","payload":{"userId":"310b2237-c533-4c86-8e52-63d814fbd4d3","_email":"penzar.bruno@gmail.com","_firstName":"Bruno","_lastName":"Penzar","globalRole":"global:owner","workflowId":"m9A4RYkqwripPJMC","workflowName":"My workflow"}}
{"__type":"$$EventMessageConfirm","confirm":"7669eaf3-fc57-4734-8dab-85966494d65b","ts":"2025-09-19T08:48:29.654-04:00","source":{"id":"0","name":"eventBus"}}
{"__type":"$$EventMessageWorkflow","id":"633807bd-8a82-437a-a179-7f081126dc83","ts":"2025-09-19T08:48:30.891-04:00","eventName":"n8n.workflow.started","message":"n8n.workflow.started","payload":{"executionId":"54","workflowId":"m9A4RYkqwripPJMC","isManual":false,"workflowName":"My workflow"}}
{"__type":"$$EventMessageConfirm","confirm":"633807bd-8a82-437a-a179-7f081126dc83","ts":"2025-09-19T08:48:30.891-04:00","source":{"id":"0","name":"eventBus"}}
{"__type":"$$EventMessageNode","id":"12dfedf8-48a2-444e-912d-f2d13ad5d86d","ts":"2025-09-19T08:48:30.891-04:00","eventName":"n8n.node.started","message":"n8n.node.started","payload":{"workflowId":"m9A4RYkqwripPJMC","workflowName":"My workflow","executionId":"54","nodeType":"n8n-nodes-base.webhook","nodeName":"Webhook","nodeId":"1ed15175-6558-464e-9124-1d86ec6be95b"}}
{"__type":"$$EventMessageConfirm","confirm":"12dfedf8-48a2-444e-912d-f2d13ad5d86d","ts":"2025-09-19T08:48:30.891-04:00","source":{"id":"0","name":"eventBus"}}
{"__type":"$$EventMessageNode","id":"70d00791-f4b8-4967-b4c4-e6199bbdf7c8","ts":"2025-09-19T08:48:30.891-04:00","eventName":"n8n.node.finished","message":"n8n.node.finished","payload":{"workflowId":"m9A4RYkqwripPJMC","workflowName":"My workflow","executionId":"54","nodeType":"n8n-nodes-base.webhook","nodeName":"Webhook","nodeId":"1ed15175-6558-464e-9124-1d86ec6be95b"}}
{"__type":"$$EventMessageConfirm","confirm":"70d00791-f4b8-4967-b4c4-e6199bbdf7c8","ts":"2025-09-19T08:48:30.891-04:00","source":{"id":"0","name":"eventBus"}}
{"__type":"$$EventMessageNode","id":"9122a8ea-75c1-4e14-a3f1-237a9f8773d8","ts":"2025-09-19T08:48:30.891-04:00","eventName":"n8n.node.started","message":"n8n.node.started","payload":{"workflowId":"m9A4RYkqwripPJMC","workflowName":"My workflow","executionId":"54","nodeType":"n8n-nodes-base.respondToWebhook","nodeName":"Respond to Webhook","nodeId":"f2c94d18-b1d3-4f36-9a66-7e59cb7a9c54"}}
{"__type":"$$EventMessageConfirm","confirm":"9122a8ea-75c1-4e14-a3f1-237a9f8773d8","ts":"2025-09-19T08:48:30.891-04:00","source":{"id":"0","name":"eventBus"}}
{"__type":"$$EventMessageNode","id":"e34bec4e-bbb9-4c76-8a78-adb80e6320dc","ts":"2025-09-19T08:48:30.892-04:00","eventName":"n8n.node.finished","message":"n8n.node.finished","payload":{"workflowId":"m9A4RYkqwripPJMC","workflowName":"My workflow","executionId":"54","nodeType":"n8n-nodes-base.respondToWebhook","nodeName":"Respond to Webhook","nodeId":"f2c94d18-b1d3-4f36-9a66-7e59cb7a9c54"}}
{"__type":"$$EventMessageConfirm","confirm":"e34bec4e-bbb9-4c76-8a78-adb80e6320dc","ts":"2025-09-19T08:48:30.892-04:00","source":{"id":"0","name":"eventBus"}}
{"__type":"$$EventMessageWorkflow","id":"013d7cae-ca16-47f4-a943-9c3ac3540832","ts":"2025-09-19T08:48:30.892-04:00","eventName":"n8n.workflow.success","message":"n8n.workflow.success","payload":{"executionId":"54","success":true,"isManual":false,"workflowId":"m9A4RYkqwripPJMC","workflowName":"My workflow"}}
{"__type":"$$EventMessageConfirm","confirm":"013d7cae-ca16-47f4-a943-9c3ac3540832","ts":"2025-09-19T08:48:30.892-04:00","source":{"id":"0","name":"eventBus"}}
{"__type":"$$EventMessageWorkflow","id":"f48a189c-9d4e-4264-88f8-fb24c3763283","ts":"2025-09-19T09:33:51.848-04:00","eventName":"n8n.workflow.started","message":"n8n.workflow.started","payload":{"executionId":"55","workflowId":"m9A4RYkqwripPJMC","isManual":false,"workflowName":"My workflow"}}
{"__type":"$$EventMessageConfirm","confirm":"f48a189c-9d4e-4264-88f8-fb24c3763283","ts":"2025-09-19T09:33:51.848-04:00","source":{"id":"0","name":"eventBus"}}
{"__type":"$$EventMessageNode","id":"ead2d24a-abc5-4e99-b7b8-e1fc3a83ef82","ts":"2025-09-19T09:33:51.848-04:00","eventName":"n8n.node.started","message":"n8n.node.started","payload":{"workflowId":"m9A4RYkqwripPJMC","workflowName":"My workflow","executionId":"55","nodeType":"n8n-nodes-base.webhook","nodeName":"Webhook","nodeId":"1ed15175-6558-464e-9124-1d86ec6be95b"}}
{"__type":"$$EventMessageConfirm","confirm":"ead2d24a-abc5-4e99-b7b8-e1fc3a83ef82","ts":"2025-09-19T09:33:51.848-04:00","source":{"id":"0","name":"eventBus"}}
{"__type":"$$EventMessageNode","id":"568038c5-d40b-4261-80fc-9c1ee27d9483","ts":"2025-09-19T09:33:51.848-04:00","eventName":"n8n.node.finished","message":"n8n.node.finished","payload":{"workflowId":"m9A4RYkqwripPJMC","workflowName":"My workflow","executionId":"55","nodeType":"n8n-nodes-base.webhook","nodeName":"Webhook","nodeId":"1ed15175-6558-464e-9124-1d86ec6be95b"}}
{"__type":"$$EventMessageConfirm","confirm":"568038c5-d40b-4261-80fc-9c1ee27d9483","ts":"2025-09-19T09:33:51.848-04:00","source":{"id":"0","name":"eventBus"}}
{"__type":"$$EventMessageNode","id":"7add1d48-8e26-41da-b68b-27df28b3b43f","ts":"2025-09-19T09:33:51.848-04:00","eventName":"n8n.node.started","message":"n8n.node.started","payload":{"workflowId":"m9A4RYkqwripPJMC","workflowName":"My workflow","executionId":"55","nodeType":"n8n-nodes-base.respondToWebhook","nodeName":"Respond to Webhook","nodeId":"f2c94d18-b1d3-4f36-9a66-7e59cb7a9c54"}}
{"__type":"$$EventMessageConfirm","confirm":"7add1d48-8e26-41da-b68b-27df28b3b43f","ts":"2025-09-19T09:33:51.848-04:00","source":{"id":"0","name":"eventBus"}}
{"__type":"$$EventMessageNode","id":"da99f9ca-b1d6-496b-821c-5cdd29415da3","ts":"2025-09-19T09:33:51.849-04:00","eventName":"n8n.node.finished","message":"n8n.node.finished","payload":{"workflowId":"m9A4RYkqwripPJMC","workflowName":"My workflow","executionId":"55","nodeType":"n8n-nodes-base.respondToWebhook","nodeName":"Respond to Webhook","nodeId":"f2c94d18-b1d3-4f36-9a66-7e59cb7a9c54"}}
{"__type":"$$EventMessageConfirm","confirm":"da99f9ca-b1d6-496b-821c-5cdd29415da3","ts":"2025-09-19T09:33:51.849-04:00","source":{"id":"0","name":"eventBus"}}
{"__type":"$$EventMessageWorkflow","id":"37e0e985-960f-4124-a8a1-9240f1242a1c","ts":"2025-09-19T09:33:51.849-04:00","eventName":"n8n.workflow.success","message":"n8n.workflow.success","payload":{"executionId":"55","success":true,"isManual":false,"workflowId":"m9A4RYkqwripPJMC","workflowName":"My workflow"}}
{"__type":"$$EventMessageConfirm","confirm":"37e0e985-960f-4124-a8a1-9240f1242a1c","ts":"2025-09-19T09:33:51.849-04:00","source":{"id":"0","name":"eventBus"}}
{"__type":"$$EventMessageWorkflow","id":"f7b50ee7-5fb4-47e4-b6db-33ce572d5f02","ts":"2025-09-19T09:48:59.810-04:00","eventName":"n8n.workflow.started","message":"n8n.workflow.started","payload":{"executionId":"56","workflowId":"m9A4RYkqwripPJMC","isManual":false,"workflowName":"My workflow"}}
{"__type":"$$EventMessageConfirm","confirm":"f7b50ee7-5fb4-47e4-b6db-33ce572d5f02","ts":"2025-09-19T09:48:59.811-04:00","source":{"id":"0","name":"eventBus"}}
{"__type":"$$EventMessageNode","id":"07748dad-0a17-482e-aadb-2abb0e58de6d","ts":"2025-09-19T09:48:59.811-04:00","eventName":"n8n.node.started","message":"n8n.node.started","payload":{"workflowId":"m9A4RYkqwripPJMC","workflowName":"My workflow","executionId":"56","nodeType":"n8n-nodes-base.webhook","nodeName":"Webhook","nodeId":"1ed15175-6558-464e-9124-1d86ec6be95b"}}
{"__type":"$$EventMessageConfirm","confirm":"07748dad-0a17-482e-aadb-2abb0e58de6d","ts":"2025-09-19T09:48:59.811-04:00","source":{"id":"0","name":"eventBus"}}
{"__type":"$$EventMessageNode","id":"6a6c4c9f-dfd4-4fd4-b0d8-2424da845938","ts":"2025-09-19T09:48:59.811-04:00","eventName":"n8n.node.finished","message":"n8n.node.finished","payload":{"workflowId":"m9A4RYkqwripPJMC","workflowName":"My workflow","executionId":"56","nodeType":"n8n-nodes-base.webhook","nodeName":"Webhook","nodeId":"1ed15175-6558-464e-9124-1d86ec6be95b"}}
{"__type":"$$EventMessageConfirm","confirm":"6a6c4c9f-dfd4-4fd4-b0d8-2424da845938","ts":"2025-09-19T09:48:59.811-04:00","source":{"id":"0","name":"eventBus"}}
{"__type":"$$EventMessageNode","id":"6f3711ed-c522-4c36-afb7-07c8e6c9f05b","ts":"2025-09-19T09:48:59.811-04:00","eventName":"n8n.node.started","message":"n8n.node.started","payload":{"workflowId":"m9A4RYkqwripPJMC","workflowName":"My workflow","executionId":"56","nodeType":"n8n-nodes-base.respondToWebhook","nodeName":"Respond to Webhook","nodeId":"f2c94d18-b1d3-4f36-9a66-7e59cb7a9c54"}}
{"__type":"$$EventMessageConfirm","confirm":"6f3711ed-c522-4c36-afb7-07c8e6c9f05b","ts":"2025-09-19T09:48:59.811-04:00","source":{"id":"0","name":"eventBus"}}
{"__type":"$$EventMessageNode","id":"cc69c60d-905f-40db-83d9-0c1017447351","ts":"2025-09-19T09:48:59.812-04:00","eventName":"n8n.node.finished","message":"n8n.node.finished","payload":{"workflowId":"m9A4RYkqwripPJMC","workflowName":"My workflow","executionId":"56","nodeType":"n8n-nodes-base.respondToWebhook","nodeName":"Respond to Webhook","nodeId":"f2c94d18-b1d3-4f36-9a66-7e59cb7a9c54"}}
{"__type":"$$EventMessageConfirm","confirm":"cc69c60d-905f-40db-83d9-0c1017447351","ts":"2025-09-19T09:48:59.812-04:00","source":{"id":"0","name":"eventBus"}}
{"__type":"$$EventMessageWorkflow","id":"32464bcb-665e-4be3-b31e-ab238b4247ef","ts":"2025-09-19T09:48:59.812-04:00","eventName":"n8n.workflow.success","message":"n8n.workflow.success","payload":{"executionId":"56","success":true,"isManual":false,"workflowId":"m9A4RYkqwripPJMC","workflowName":"My workflow"}}
{"__type":"$$EventMessageConfirm","confirm":"32464bcb-665e-4be3-b31e-ab238b4247ef","ts":"2025-09-19T09:48:59.812-04:00","source":{"id":"0","name":"eventBus"}}
{"__type":"$$EventMessageWorkflow","id":"b133f5db-3949-4018-8dd7-5a14d75f78ba","ts":"2025-09-19T09:53:31.847-04:00","eventName":"n8n.workflow.started","message":"n8n.workflow.started","payload":{"executionId":"57","workflowId":"m9A4RYkqwripPJMC","isManual":false,"workflowName":"My workflow"}}
{"__type":"$$EventMessageConfirm","confirm":"b133f5db-3949-4018-8dd7-5a14d75f78ba","ts":"2025-09-19T09:53:31.847-04:00","source":{"id":"0","name":"eventBus"}}
{"__type":"$$EventMessageNode","id":"84237ab8-84da-4663-8bac-696b177b0a85","ts":"2025-09-19T09:53:31.847-04:00","eventName":"n8n.node.started","message":"n8n.node.started","payload":{"workflowId":"m9A4RYkqwripPJMC","workflowName":"My workflow","executionId":"57","nodeType":"n8n-nodes-base.webhook","nodeName":"Webhook","nodeId":"1ed15175-6558-464e-9124-1d86ec6be95b"}}
{"__type":"$$EventMessageConfirm","confirm":"84237ab8-84da-4663-8bac-696b177b0a85","ts":"2025-09-19T09:53:31.847-04:00","source":{"id":"0","name":"eventBus"}}
{"__type":"$$EventMessageNode","id":"2b0232f7-adae-4cf7-a217-52783b48041f","ts":"2025-09-19T09:53:31.847-04:00","eventName":"n8n.node.finished","message":"n8n.node.finished","payload":{"workflowId":"m9A4RYkqwripPJMC","workflowName":"My workflow","executionId":"57","nodeType":"n8n-nodes-base.webhook","nodeName":"Webhook","nodeId":"1ed15175-6558-464e-9124-1d86ec6be95b"}}
{"__type":"$$EventMessageConfirm","confirm":"2b0232f7-adae-4cf7-a217-52783b48041f","ts":"2025-09-19T09:53:31.847-04:00","source":{"id":"0","name":"eventBus"}}
{"__type":"$$EventMessageNode","id":"b5a7e831-2477-4d51-bb3e-7fb429e1e479","ts":"2025-09-19T09:53:31.847-04:00","eventName":"n8n.node.started","message":"n8n.node.started","payload":{"workflowId":"m9A4RYkqwripPJMC","workflowName":"My workflow","executionId":"57","nodeType":"n8n-nodes-base.respondToWebhook","nodeName":"Respond to Webhook","nodeId":"f2c94d18-b1d3-4f36-9a66-7e59cb7a9c54"}}
{"__type":"$$EventMessageConfirm","confirm":"b5a7e831-2477-4d51-bb3e-7fb429e1e479","ts":"2025-09-19T09:53:31.847-04:00","source":{"id":"0","name":"eventBus"}}
{"__type":"$$EventMessageNode","id":"c1adf319-d573-4166-92d8-1ff1d47172b1","ts":"2025-09-19T09:53:31.848-04:00","eventName":"n8n.node.finished","message":"n8n.node.finished","payload":{"workflowId":"m9A4RYkqwripPJMC","workflowName":"My workflow","executionId":"57","nodeType":"n8n-nodes-base.respondToWebhook","nodeName":"Respond to Webhook","nodeId":"f2c94d18-b1d3-4f36-9a66-7e59cb7a9c54"}}
{"__type":"$$EventMessageConfirm","confirm":"c1adf319-d573-4166-92d8-1ff1d47172b1","ts":"2025-09-19T09:53:31.848-04:00","source":{"id":"0","name":"eventBus"}}
{"__type":"$$EventMessageWorkflow","id":"e5e90a01-26f5-4284-9218-2dc618c48506","ts":"2025-09-19T09:53:31.848-04:00","eventName":"n8n.workflow.success","message":"n8n.workflow.success","payload":{"executionId":"57","success":true,"isManual":false,"workflowId":"m9A4RYkqwripPJMC","workflowName":"My workflow"}}
{"__type":"$$EventMessageConfirm","confirm":"e5e90a01-26f5-4284-9218-2dc618c48506","ts":"2025-09-19T09:53:31.848-04:00","source":{"id":"0","name":"eventBus"}}
